Change Component Designator: Old Designator=C2 New Designator=C3
Change Component Designator: Old Designator=C3 New Designator=C4
Change Component Designator: Old Designator=C4 New Designator=C5
Change Component Designator: Old Designator=C5 New Designator=C6
Change Component Designator: Old Designator=C6 New Designator=C10
Change Component Designator: Old Designator=C13 New Designator=C11
Change Component Designator: Old Designator=C14 New Designator=C12
Change Component Designator: Old Designator=C15 New Designator=C7
Change Component Designator: Old Designator=C? New Designator=C1
Change Component Designator: Old Designator=C? New Designator=C2
Change Component Designator: Old Designator=C? New Designator=C8
Change Component Designator: Old Designator=C? New Designator=C9
Change Component Designator: Old Designator=D54 New Designator=D57
Change Component Designator: Old Designator=D55 New Designator=D58
Change Component Designator: Old Designator=D56 New Designator=D59
Change Component Designator: Old Designator=D57 New Designator=D60
Change Component Designator: Old Designator=D58 New Designator=D61
Change Component Designator: Old Designator=D59 New Designator=D62
Change Component Designator: Old Designator=D60 New Designator=D63
Change Component Designator: Old Designator=D61 New Designator=D64
Change Component Designator: Old Designator=D63 New Designator=D55
Change Component Designator: Old Designator=D64 New Designator=D56
Change Component Designator: Old Designator=D? New Designator=D54
Change Component Designator: Old Designator=R3 New Designator=R2
Change Component Designator: Old Designator=R5 New Designator=R3
Change Component Designator: Old Designator=R6 New Designator=R5
Change Component Designator: Old Designator=R8 New Designator=R6
Change Component Designator: Old Designator=R? New Designator=R4
Change Component Designator: Old Designator=U? New Designator=U1
