Removed Member From Class: ClassName=KEYPAD Member=D64
Removed Member From Class: ClassName=KEYPAD Member=R6
Change Component Designator: OldDesignator=C2 NewDesignator=C7
Change Component Designator: OldDesignator=C3 NewDesignator=C2
Change Component Designator: OldDesignator=C4 NewDesignator=C3
Change Component Designator: OldDesignator=C5 NewDesignator=C4
Change Component Designator: OldDesignator=C6 NewDesignator=C5
Change Component Designator: OldDesignator=C7 NewDesignator=C6
Change Component Designator: OldDesignator=D1 NewDesignator=D3
Change Component Designator: OldDesignator=D2 NewDesignator=D4
Change Component Designator: OldDesignator=D3 NewDesignator=D5
Change Component Designator: OldDesignator=D4 NewDesignator=D6
Change Component Designator: OldDesignator=D5 NewDesignator=D7
Change Component Designator: OldDesignator=D6 NewDesignator=D8
Change Component Designator: OldDesignator=D7 NewDesignator=D9
Change Component Designator: OldDesignator=D8 NewDesignator=D10
Change Component Designator: OldDesignator=D9 NewDesignator=D11
Change Component Designator: OldDesignator=D10 NewDesignator=D12
Change Component Designator: OldDesignator=D11 NewDesignator=D13
Change Component Designator: OldDesignator=D12 NewDesignator=D14
Change Component Designator: OldDesignator=D13 NewDesignator=D15
Change Component Designator: OldDesignator=D14 NewDesignator=D16
Change Component Designator: OldDesignator=D15 NewDesignator=D17
Change Component Designator: OldDesignator=D16 NewDesignator=D18
Change Component Designator: OldDesignator=D17 NewDesignator=D19
Change Component Designator: OldDesignator=D18 NewDesignator=D20
Change Component Designator: OldDesignator=D19 NewDesignator=D21
Change Component Designator: OldDesignator=D20 NewDesignator=D22
Change Component Designator: OldDesignator=D21 NewDesignator=D23
Change Component Designator: OldDesignator=D22 NewDesignator=D24
Change Component Designator: OldDesignator=D23 NewDesignator=D25
Change Component Designator: OldDesignator=D24 NewDesignator=D26
Change Component Designator: OldDesignator=D25 NewDesignator=D27
Change Component Designator: OldDesignator=D26 NewDesignator=D28
Change Component Designator: OldDesignator=D27 NewDesignator=D29
Change Component Designator: OldDesignator=D28 NewDesignator=D30
Change Component Designator: OldDesignator=D29 NewDesignator=D31
Change Component Designator: OldDesignator=D30 NewDesignator=D32
Change Component Designator: OldDesignator=D31 NewDesignator=D33
Change Component Designator: OldDesignator=D32 NewDesignator=D34
Change Component Designator: OldDesignator=D33 NewDesignator=D35
Change Component Designator: OldDesignator=D34 NewDesignator=D36
Change Component Designator: OldDesignator=D35 NewDesignator=D37
Change Component Designator: OldDesignator=D36 NewDesignator=D38
Change Component Designator: OldDesignator=D37 NewDesignator=D39
Change Component Designator: OldDesignator=D38 NewDesignator=D40
Change Component Designator: OldDesignator=D39 NewDesignator=D41
Change Component Designator: OldDesignator=D40 NewDesignator=D42
Change Component Designator: OldDesignator=D41 NewDesignator=D43
Change Component Designator: OldDesignator=D42 NewDesignator=D44
Change Component Designator: OldDesignator=D43 NewDesignator=D45
Change Component Designator: OldDesignator=D44 NewDesignator=D46
Change Component Designator: OldDesignator=D45 NewDesignator=D47
Change Component Designator: OldDesignator=D46 NewDesignator=D48
Change Component Designator: OldDesignator=D47 NewDesignator=D49
Change Component Designator: OldDesignator=D48 NewDesignator=D50
Change Component Designator: OldDesignator=D49 NewDesignator=D51
Change Component Designator: OldDesignator=D50 NewDesignator=D52
Change Component Designator: OldDesignator=D51 NewDesignator=D53
Change Component Designator: OldDesignator=D52 NewDesignator=D54
Change Component Designator: OldDesignator=D53 NewDesignator=D55
Change Component Designator: OldDesignator=D55 NewDesignator=D1
Change Component Designator: OldDesignator=D56 NewDesignator=D2
Change Component Designator: OldDesignator=D57 NewDesignator=D56
Change Component Designator: OldDesignator=D58 NewDesignator=D57
Change Component Designator: OldDesignator=D59 NewDesignator=D58
Change Component Designator: OldDesignator=D60 NewDesignator=D59
Change Component Designator: OldDesignator=D61 NewDesignator=D60
Change Component Designator: OldDesignator=D62 NewDesignator=D61
Change Component Designator: OldDesignator=D63 NewDesignator=D62
Change Component Designator: OldDesignator=D64 NewDesignator=D63
Change Component Designator: OldDesignator=R1 NewDesignator=R3
Change Component Designator: OldDesignator=R2 NewDesignator=R4
Change Component Designator: OldDesignator=R3 NewDesignator=R5
Change Component Designator: OldDesignator=R5 NewDesignator=R1
Change Component Designator: OldDesignator=R6 NewDesignator=R2
Change Component Designator: OldDesignator=U2 NewDesignator=U3
Change Component Designator: OldDesignator=U3 NewDesignator=U2
Change Net Name : Old Net Name=NetD1_2 New Net Name=NetD3_2
Change Net Name : Old Net Name=NetD2_2 New Net Name=NetD4_2
Change Net Name : Old Net Name=NetD3_2 New Net Name=NetD5_2
Change Net Name : Old Net Name=NetD4_2 New Net Name=NetD6_2
Change Net Name : Old Net Name=NetD5_2 New Net Name=NetD7_2
Change Net Name : Old Net Name=NetD6_2 New Net Name=NetD8_2
Change Net Name : Old Net Name=NetD7_2 New Net Name=NetD9_2
Change Net Name : Old Net Name=NetD8_2 New Net Name=NetD10_2
Change Net Name : Old Net Name=NetD9_2 New Net Name=NetD11_2
Change Net Name : Old Net Name=NetD10_2 New Net Name=NetD12_2
Change Net Name : Old Net Name=NetD11_2 New Net Name=NetD13_2
Change Net Name : Old Net Name=NetD12_2 New Net Name=NetD14_2
Change Net Name : Old Net Name=NetD13_2 New Net Name=NetD15_2
Change Net Name : Old Net Name=NetD14_2 New Net Name=NetD16_2
Change Net Name : Old Net Name=NetD15_2 New Net Name=NetD17_2
Change Net Name : Old Net Name=NetD16_2 New Net Name=NetD18_2
Change Net Name : Old Net Name=NetD17_2 New Net Name=NetD19_2
Change Net Name : Old Net Name=NetD18_2 New Net Name=NetD20_2
Change Net Name : Old Net Name=NetD19_2 New Net Name=NetD21_2
Change Net Name : Old Net Name=NetD20_2 New Net Name=NetD22_2
Change Net Name : Old Net Name=NetD21_2 New Net Name=NetD23_2
Change Net Name : Old Net Name=NetD22_2 New Net Name=NetD24_2
Change Net Name : Old Net Name=NetD23_2 New Net Name=NetD25_2
Change Net Name : Old Net Name=NetD24_2 New Net Name=NetD26_2
Change Net Name : Old Net Name=NetD25_2 New Net Name=NetD27_2
Change Net Name : Old Net Name=NetD26_2 New Net Name=NetD28_2
Change Net Name : Old Net Name=NetD27_2 New Net Name=NetD29_2
Change Net Name : Old Net Name=NetD28_2 New Net Name=NetD30_2
Change Net Name : Old Net Name=NetD29_2 New Net Name=NetD31_2
Change Net Name : Old Net Name=NetD30_2 New Net Name=NetD32_2
Change Net Name : Old Net Name=NetD31_2 New Net Name=NetD33_2
Change Net Name : Old Net Name=NetD32_2 New Net Name=NetD34_2
Change Net Name : Old Net Name=NetD33_2 New Net Name=NetD35_2
Change Net Name : Old Net Name=NetD34_2 New Net Name=NetD36_2
Change Net Name : Old Net Name=NetD35_2 New Net Name=NetD37_2
Change Net Name : Old Net Name=NetD36_2 New Net Name=NetD38_2
Change Net Name : Old Net Name=NetD37_2 New Net Name=NetD39_2
Change Net Name : Old Net Name=NetD38_2 New Net Name=NetD40_2
Change Net Name : Old Net Name=NetD39_2 New Net Name=NetD41_2
Change Net Name : Old Net Name=NetD40_2 New Net Name=NetD42_2
Change Net Name : Old Net Name=NetD41_2 New Net Name=NetD43_2
Change Net Name : Old Net Name=NetD42_2 New Net Name=NetD44_2
Change Net Name : Old Net Name=NetD43_2 New Net Name=NetD45_2
Change Net Name : Old Net Name=NetD44_2 New Net Name=NetD46_2
Change Net Name : Old Net Name=NetD45_2 New Net Name=NetD47_2
Change Net Name : Old Net Name=NetD46_2 New Net Name=NetD48_2
Change Net Name : Old Net Name=NetD47_2 New Net Name=NetD49_2
Change Net Name : Old Net Name=NetD48_2 New Net Name=NetD50_2
Change Net Name : Old Net Name=NetD49_2 New Net Name=NetD51_2
Change Net Name : Old Net Name=NetD50_2 New Net Name=NetD52_2
Change Net Name : Old Net Name=NetD51_2 New Net Name=NetD53_2
Change Net Name : Old Net Name=NetD52_2 New Net Name=NetD54_2
Change Net Name : Old Net Name=NetD53_2 New Net Name=NetD55_2
Change Net Name : Old Net Name=NetD55_1 New Net Name=NetD1_1
Change Net Name : Old Net Name=NetD56_1 New Net Name=NetD2_1
Change Net Name : Old Net Name=NetD57_2 New Net Name=NetD56_2
Change Net Name : Old Net Name=NetD58_2 New Net Name=NetD57_2
Change Net Name : Old Net Name=NetD59_2 New Net Name=NetD58_2
Change Net Name : Old Net Name=NetD60_2 New Net Name=NetD59_2
Change Net Name : Old Net Name=NetD61_2 New Net Name=NetD60_2
Change Net Name : Old Net Name=NetD62_2 New Net Name=NetD61_2
Change Net Name : Old Net Name=NetD63_2 New Net Name=NetD62_2
Change Net Name : Old Net Name=NetD64_2 New Net Name=NetD63_2
Change Net Name : Old Net Name=NetR1_2 New Net Name=NetR3_2
Change Net Name : Old Net Name=NetR2_1 New Net Name=NetR4_1
Change Net Name : Old Net Name=NetR3_1 New Net Name=NetR5_1
Added Member To Class: ClassName=KEYPAD Member=Component D54 1N4148WSF-7
Added Member To Class: ClassName=KEYPAD Member=Component R4 10k
