Change Component Designator: OldDesignator=PWR1 NewDesignator=D?
Added Component: Designator=D?(HDR1X2)
Add component (AddParameter): Name = "Published"; Value = "8-Jun-2000"; VariantName = "[No Variations]"
Add component (AddParameter): Name = "Publisher"; Value = "Altium Limited"; VariantName = "[No Variations]"
Add component (AddParameter): Name = "Revision"; Value = "July-2002: Re-released for DXP Platform."; VariantName = "[No Variations]"
Added Component: Designator=D?(HDR1X2)
Add component (AddParameter): Name = "Published"; Value = "8-Jun-2000"; VariantName = "[No Variations]"
Add component (AddParameter): Name = "Publisher"; Value = "Altium Limited"; VariantName = "[No Variations]"
Add component (AddParameter): Name = "Revision"; Value = "July-2002: Re-released for DXP Platform."; VariantName = "[No Variations]"
Added Component: Designator=R?(RESC1608L)
Add component (AddParameter): Name = "Published"; Value = "8-Jun-2000"; VariantName = "[No Variations]"
Add component (AddParameter): Name = "Publisher"; Value = "Altium Limited"; VariantName = "[No Variations]"
Add component (AddParameter): Name = "Revision"; Value = "July-2002: Re-released for DXP Platform."; VariantName = "[No Variations]"
Add component (AddParameter): Name = "Value"; Value = "510"; VariantName = "[No Variations]"
Added Component: Designator=R?(RESC1608L)
Add component (AddParameter): Name = "Published"; Value = "8-Jun-2000"; VariantName = "[No Variations]"
Add component (AddParameter): Name = "Publisher"; Value = "Altium Limited"; VariantName = "[No Variations]"
Add component (AddParameter): Name = "Revision"; Value = "July-2002: Re-released for DXP Platform."; VariantName = "[No Variations]"
Add component (AddParameter): Name = "Value"; Value = "510"; VariantName = "[No Variations]"
Added Pin To Net: NetName=GND Pin=D?-2
Added Pin To Net: NetName=GND Pin=D?-2
Change Net Name : Old Net Name=NetPWR1_1 New Net Name=NetD?_1
Added Pin To Net: NetName=NetR?_1 Pin=R?-1
Added Net: Name=NetR?_1
Added Member To Class: ClassName=KEYPAD Member=Component D? Blue
Added Member To Class: ClassName=KEYPAD Member=Component D? Blue
Added Member To Class: ClassName=KEYPAD Member=Component R? 510
Added Member To Class: ClassName=KEYPAD Member=Component R? 510
