Removed Pin From Net: NetName=GND Pin=C1-1
Removed Pin From Net: NetName=3V3 Pin=C1-2
Removed Pin From Net: NetName=GND Pin=C7-1
Removed Pin From Net: NetName=5V Pin=C7-2
Removed Pin From Net: NetName=5V Pin=C9-2
Removed Pin From Net: NetName=GND Pin=C10-1
Removed Pin From Net: NetName=3V3 Pin=C10-2
Removed Pin From Net: NetName=GND Pin=C11-1
Removed Pin From Net: NetName=3V3 Pin=C11-2
Removed Pin From Net: NetName=GND Pin=C12-1
Removed Pin From Net: NetName=GND Pin=D62-2
Removed Pin From Net: NetName=3V3 Pin=R2-1
Removed Pin From Net: NetName=5V Pin=U1-1
Removed Pin From Net: NetName=GND Pin=U1-2
Removed Pin From Net: NetName=3V3 Pin=U1-5
Removed Member From Class: ClassName=KEYPAD Member=C13
Removed Member From Class: ClassName=KEYPAD Member=C14
Removed Member From Class: ClassName=KEYPAD Member=C15
Removed Member From Class: ClassName=KEYPAD Member=R8
Removed Member From Class: ClassName=POW Member=3V3
Removed Member From Class: ClassName=POW Member=5V
Removed Member From Class: ClassName=POW Member=NetC12_2
Removed Member From Class: ClassName=POW Member=NetD62_1
Change Component Footprint: Designator=C1 Old Footprint=CAPTANTA1206 New Footprint=TC3528-1411
Change Component Footprint: Designator=U1 Old Footprint=SOT95P280X145-5N New Footprint=SOT229P700X180-4N
Change Component Comment : Designator=C8 Old Comment=1uF New Comment=100nF
Change Component Comment : Designator=C1 Old Comment=1uF New Comment=TLCT107M010XTA
Change Component Comment : Designator=C9 Old Comment=EMK107B7104KA-T New Comment=100nF
Change Component Comment : Designator=U1 Old Comment=LD3985M33R New Comment=AMS1117
Change Component Designator: OldDesignator=C2 NewDesignator=C3
Change Component Designator: OldDesignator=C3 NewDesignator=C4
Change Component Designator: OldDesignator=C4 NewDesignator=C5
Change Component Designator: OldDesignator=C5 NewDesignator=C6
Change Component Designator: OldDesignator=C6 NewDesignator=C10
Change Component Designator: OldDesignator=C13 NewDesignator=C11
Change Component Designator: OldDesignator=C14 NewDesignator=C12
Change Component Designator: OldDesignator=C15 NewDesignator=C7
Change Component Designator: OldDesignator=D54 NewDesignator=D57
Change Component Designator: OldDesignator=D55 NewDesignator=D58
Change Component Designator: OldDesignator=D56 NewDesignator=D59
Change Component Designator: OldDesignator=D57 NewDesignator=D60
Change Component Designator: OldDesignator=D58 NewDesignator=D61
Change Component Designator: OldDesignator=D59 NewDesignator=D62
Change Component Designator: OldDesignator=D60 NewDesignator=D63
Change Component Designator: OldDesignator=D61 NewDesignator=D64
Change Component Designator: OldDesignator=D63 NewDesignator=D55
Change Component Designator: OldDesignator=D64 NewDesignator=D56
Change Component Designator: OldDesignator=R3 NewDesignator=R2
Change Component Designator: OldDesignator=R5 NewDesignator=R3
Change Component Designator: OldDesignator=R6 NewDesignator=R5
Change Component Designator: OldDesignator=R8 NewDesignator=R6
Change component parameters: Designator = "C1" ("C1"); Footprint = "CAPTANTA1206"; UniqueID = "\IJJPUMRU" ("\IJJPUMRU")
Change component parameters (AddParameter): Name = "Digi-Key Part Number"; Value = "TLCT107M010XTA-ND"; VariantName = "[No Variations]"
Change component parameters (AddParameter): Name = "Value"; Value = "220uF"; VariantName = "[No Variations]"
Change component parameters: Designator = "U1" ("U1"); Footprint = "SOT95P280X145-5N"; UniqueID = "\BWDVLVAS" ("\BWDVLVAS")
Change component parameters (AddParameter): Name = "Availability"; Value = "Unavailable"; VariantName = "[No Variations]"
Change component parameters (AddParameter): Name = "MF"; Value = "Seeed Technology"; VariantName = "[No Variations]"
Change component parameters (AddParameter): Name = "MP"; Value = "AMS1117"; VariantName = "[No Variations]"
Change component parameters (AddParameter): Name = "Package"; Value = "SOT-223 Seeed Technology"; VariantName = "[No Variations]"
Change component parameters (AddParameter): Name = "Price"; Value = "None"; VariantName = "[No Variations]"
Change component parameters (AddParameter): Name = "SnapEDA_Link"; Value = "https://www.snapeda.com/parts/AMS1117/Seeed%20Technology%20Co.%2C%20Ltd/view-part/184428/?ref=snap"; VariantName = "[No Variations]"
Change component parameters (AddParameter): Name = "Value"; Value = ""; VariantName = "[No Variations]"
Change component parameters: Designator = "C9" ("C9"); Footprint = "CAPC1608L"; UniqueID = "\KHGYFIBX" ("\KHGYFIBX")
Change component parameters (AddParameter): Name = "Part Number"; Value = ""; VariantName = "[No Variations]"
Change component parameters: Designator = "C8" ("C8"); Footprint = "CAPC1608L"; UniqueID = "\ZNCPXGSB" ("\ZNCPXGSB")
Change component parameters (AddParameter): Name = "Part Number"; Value = ""; VariantName = "[No Variations]"
Added Component: Designator=C2(TC3528-1411)
Add component (AddParameter): Name = "Digi-Key Part Number"; Value = "TLCT107M010XTA-ND"; VariantName = "[No Variations]"
Add component (AddParameter): Name = "Value"; Value = "220uF"; VariantName = "[No Variations]"
Added Component: Designator=D54(LED-3)
Add component (AddParameter): Name = "Published"; Value = "8-Jun-2000"; VariantName = "[No Variations]"
Add component (AddParameter): Name = "Publisher"; Value = "Altium Limited"; VariantName = "[No Variations]"
Add component (AddParameter): Name = "Revision"; Value = "July-2002: Re-released for DXP Platform."; VariantName = "[No Variations]"
Added Component: Designator=R4(RESC1608L)
Add component (AddParameter): Name = "Published"; Value = "8-Jun-2000"; VariantName = "[No Variations]"
Add component (AddParameter): Name = "Publisher"; Value = "Altium Limited"; VariantName = "[No Variations]"
Add component (AddParameter): Name = "Revision"; Value = "July-2002: Re-released for DXP Platform."; VariantName = "[No Variations]"
Add component (AddParameter): Name = "Value"; Value = "510"; VariantName = "[No Variations]"
Added Pin To Net: NetName=5V Pin=C1-1
Added Pin To Net: NetName=GND Pin=C1-2
Added Pin To Net: NetName=3V3 Pin=C2-1
Added Pin To Net: NetName=GND Pin=C2-2
Added Pin To Net: NetName=3V3 Pin=C9-2
Added Pin To Net: NetName=GND Pin=D54-2
Added Pin To Net: NetName=GND Pin=U1-1
Added Pin To Net: NetName=3V3 Pin=U1-2
Change Net Name : Old Net Name=3V3 New Net Name=VCC_3V3
Change Net Name : Old Net Name=5V New Net Name=VCC_5V0
Change Net Name : Old Net Name=NetC6_1 New Net Name=NetC10_1
Change Net Name : Old Net Name=NetC13_1 New Net Name=NetC11_1
Change Net Name : Old Net Name=NetC14_1 New Net Name=NetC12_1
Change Net Name : Old Net Name=NetD54_2 New Net Name=NetD57_2
Change Net Name : Old Net Name=NetD55_2 New Net Name=NetD58_2
Change Net Name : Old Net Name=NetD56_2 New Net Name=NetD59_2
Change Net Name : Old Net Name=NetD57_2 New Net Name=NetD60_2
Change Net Name : Old Net Name=NetD58_2 New Net Name=NetD61_2
Change Net Name : Old Net Name=NetD59_2 New Net Name=NetD62_2
Change Net Name : Old Net Name=NetD60_2 New Net Name=NetD63_2
Change Net Name : Old Net Name=NetD61_2 New Net Name=NetD64_2
Change Net Name : Old Net Name=NetD63_1 New Net Name=NetD55_1
Change Net Name : Old Net Name=NetD64_1 New Net Name=NetD56_1
Change Net Name : Old Net Name=NetR3_1 New Net Name=NetR2_1
Change Net Name : Old Net Name=NetR5_1 New Net Name=NetR3_1
Change Net Name : Old Net Name=NetR6_1 New Net Name=NetR5_1
Change Net Name : Old Net Name=NetR8_1 New Net Name=NetR6_1
Added Pin To Net: NetName=NetD54_1 Pin=D54-1
Added Pin To Net: NetName=NetD54_1 Pin=R4-2
Added Net: Name=NetD54_1
Added Pin To Net: NetName=VCC3V3 Pin=R4-1
Added Net: Name=VCC3V3
Added Member To Class: ClassName=KEYPAD Member=Component R4 510
Added Member To Class: ClassName=POW Member=Wire VCC_3V3
Added Member To Class: ClassName=POW Member=Wire VCC_5V0
