Added Component: Designator=U2(TSQFP50P1200X1200X160-64N)
Add component (AddParameter): Name = "Digikey"; Value = "497-15376-ND"; VariantName = "[No Variations]"
Add component (AddParameter): Name = "Price Break"; Value = "8,59"; VariantName = "[No Variations]"
Added Pin To Net: NetName=NetR1_2 Pin=U2-1
Added Pin To Net: NetName=NetC14_1 Pin=U2-5
Added Pin To Net: NetName=NetC13_1 Pin=U2-6
Added Pin To Net: NetName=NetR3_1 Pin=U2-7
Added Pin To Net: NetName=GND Pin=U2-12
Added Pin To Net: NetName=VDDA Pin=U2-13
Added Pin To Net: NetName=GND Pin=U2-18
Added Pin To Net: NetName=3V3 Pin=U2-19
Added Pin To Net: NetName=NetC6_1 Pin=U2-30
Added Pin To Net: NetName=GND Pin=U2-31
Added Pin To Net: NetName=3V3 Pin=U2-32
Added Pin To Net: NetName=USB_OTG_HS_N Pin=U2-35
Added Pin To Net: NetName=USB_OTG_HS_P Pin=U2-36
Added Pin To Net: NetName=JTMS_SWDIO Pin=U2-46
Added Pin To Net: NetName=GND Pin=U2-47
Added Pin To Net: NetName=3V3 Pin=U2-48
Added Pin To Net: NetName=JTCK_SWCLK Pin=U2-49
Added Pin To Net: NetName=NetR4_1 Pin=U2-60
Added Pin To Net: NetName=GND Pin=U2-63
Added Pin To Net: NetName=3V3 Pin=U2-64
Added Member To Class: ClassName=KEYPAD Member=Component U2 STM32F44RET6
