Removed Pin From Net: NetName=VCC3V3 Pin=U1-20
Removed Pin From Net: NetName=VCC3V3 Pin=U1-22
Removed Pin From Net: NetName=VCC3V3 Pin=U1-23
Removed Pin From Net: NetName=VCC3V3 Pin=U1-24
Added Pin To Net: NetName=VCC3V3 Pin=J1-1
Added Pin To Net: NetName=GND Pin=J1-4
Added Pin To Net: NetName=GND Pin=J1-8
Added Pin To Net: NetName=KEYPAD_nINTR Pin=J2-4
Added Pin To Net: NetName=KEYPAD_nINTR Pin=U1-24
Added Net: Name=KEYPAD_nINTR
Added Pin To Net: NetName=KEYPAD_nRST Pin=J2-5
Added Pin To Net: NetName=KEYPAD_nRST Pin=U1-20
Added Net: Name=KEYPAD_nRST
Added Pin To Net: NetName=KEYPAD_SCL Pin=J2-1
Added Pin To Net: NetName=KEYPAD_SCL Pin=U1-23
Added Net: Name=KEYPAD_SCL
Added Pin To Net: NetName=KEYPAD_SDA Pin=J2-2
Added Pin To Net: NetName=KEYPAD_SDA Pin=U1-22
Added Net: Name=KEYPAD_SDA
Added Pin To Net: NetName=OLED_GPIO_0_3V3 Pin=J1-6
Added Net: Name=OLED_GPIO_0_3V3
Added Pin To Net: NetName=OLED_GPIO_1_3V3 Pin=J1-7
Added Net: Name=OLED_GPIO_1_3V3
Added Pin To Net: NetName=OLED_MOSI_3V3 Pin=J1-2
Added Net: Name=OLED_MOSI_3V3
Added Pin To Net: NetName=OLED_nCS_3V3 Pin=J1-5
Added Net: Name=OLED_nCS_3V3
Added Pin To Net: NetName=OLED_SCK_3V3 Pin=J1-3
Added Net: Name=OLED_SCK_3V3
