Added Member To Class: ClassName=KEYPAD Member=Component C7 1uF
Added Member To Class: ClassName=KEYPAD Member=Component C13 CAP
Added Member To Class: ClassName=KEYPAD Member=Component C14 CAP
Added Member To Class: ClassName=KEYPAD Member=Component C15 100nF
Added Member To Class: ClassName=KEYPAD Member=Component D1 1N4148WSF-7
Added Member To Class: ClassName=KEYPAD Member=Component D2 1N4148WSF-7
Added Member To Class: ClassName=KEYPAD Member=Component D4 1N4148WSF-7
Added Member To Class: ClassName=KEYPAD Member=Component D6 1N4148WSF-7
Added Member To Class: ClassName=KEYPAD Member=Component D8 1N4148WSF-7
Added Member To Class: ClassName=KEYPAD Member=Component D10 1N4148WSF-7
Added Member To Class: ClassName=KEYPAD Member=Component D12 1N4148WSF-7
Added Member To Class: ClassName=KEYPAD Member=Component D14 1N4148WSF-7
Added Member To Class: ClassName=KEYPAD Member=Component D16 1N4148WSF-7
Added Member To Class: ClassName=KEYPAD Member=Component D18 1N4148WSF-7
Added Member To Class: ClassName=KEYPAD Member=Component D20 1N4148WSF-7
Added Member To Class: ClassName=KEYPAD Member=Component D22 1N4148WSF-7
Added Member To Class: ClassName=KEYPAD Member=Component D23 1N4148WSF-7
Added Member To Class: ClassName=KEYPAD Member=Component D25 1N4148WSF-7
Added Member To Class: ClassName=KEYPAD Member=Component D27 1N4148WSF-7
Added Member To Class: ClassName=KEYPAD Member=Component D29 1N4148WSF-7
Added Member To Class: ClassName=KEYPAD Member=Component D31 1N4148WSF-7
Added Member To Class: ClassName=KEYPAD Member=Component D33 1N4148WSF-7
Added Member To Class: ClassName=KEYPAD Member=Component D35 1N4148WSF-7
Added Member To Class: ClassName=KEYPAD Member=Component D37 1N4148WSF-7
Added Member To Class: ClassName=KEYPAD Member=Component D39 1N4148WSF-7
Added Member To Class: ClassName=KEYPAD Member=Component D41 1N4148WSF-7
Added Member To Class: ClassName=KEYPAD Member=Component D43 1N4148WSF-7
Added Member To Class: ClassName=KEYPAD Member=Component D45 1N4148WSF-7
Added Member To Class: ClassName=KEYPAD Member=Component D47 1N4148WSF-7
Added Member To Class: ClassName=KEYPAD Member=Component D49 1N4148WSF-7
Added Member To Class: ClassName=KEYPAD Member=Component D51 1N4148WSF-7
Added Member To Class: ClassName=KEYPAD Member=Component D53 1N4148WSF-7
Added Member To Class: ClassName=KEYPAD Member=Component D55 1N4148WSF-7
Added Member To Class: ClassName=KEYPAD Member=Component D57 1N4148WSF-7
Added Member To Class: ClassName=KEYPAD Member=Component D59 1N4148WSF-7
Added Member To Class: ClassName=KEYPAD Member=Component D61 1N4148WSF-7
Added Member To Class: ClassName=KEYPAD Member=Component D63 Blue
Added Member To Class: ClassName=KEYPAD Member=Component D64 Blue
Added Member To Class: ClassName=KEYPAD Member=Component R1 0R
Added Member To Class: ClassName=KEYPAD Member=Component R6 510
