Added Component: Designator=D1(DIOAD829W49L456D191)
Add component (AddParameter): Name = "Copyright"; Value = "Copyright (C) 2021 Ultra Librarian. All rights reserved."; VariantName = "[No Variations]"
Add component (AddParameter): Name = "Digi-Key_Part_Number_1"; Value = "1N4148WSF-7DI-ND"; VariantName = "[No Variations]"
Add component (AddParameter): Name = "Digi-Key_Part_Number_2"; Value = "1N4148WSF-7DICT-ND"; VariantName = "[No Variations]"
Add component (AddParameter): Name = "Digi-Key_Part_Number_3"; Value = "1N4148WSF-7DIDKR-ND"; VariantName = "[No Variations]"
Add component (AddParameter): Name = "Digi-Key_Part_Number_4"; Value = "1N4148WSF-7DITR-ND"; VariantName = "[No Variations]"
Add component (AddParameter): Name = "Manufacturer_Part_Number"; Value = "1N4148WSF-7"; VariantName = "[No Variations]"
Add component (AddParameter): Name = "Mfr_Name"; Value = "Diodes Inc"; VariantName = "[No Variations]"
Add component (AddParameter): Name = "RefDes"; Value = "RefDes"; VariantName = "[No Variations]"
Add component (AddParameter): Name = "Type"; Value = "DEV"; VariantName = "[No Variations]"
Added Component: Designator=D2(DIOAD829W49L456D191)
Add component (AddParameter): Name = "Copyright"; Value = "Copyright (C) 2021 Ultra Librarian. All rights reserved."; VariantName = "[No Variations]"
Add component (AddParameter): Name = "Digi-Key_Part_Number_1"; Value = "1N4148WSF-7DI-ND"; VariantName = "[No Variations]"
Add component (AddParameter): Name = "Digi-Key_Part_Number_2"; Value = "1N4148WSF-7DICT-ND"; VariantName = "[No Variations]"
Add component (AddParameter): Name = "Digi-Key_Part_Number_3"; Value = "1N4148WSF-7DIDKR-ND"; VariantName = "[No Variations]"
Add component (AddParameter): Name = "Digi-Key_Part_Number_4"; Value = "1N4148WSF-7DITR-ND"; VariantName = "[No Variations]"
Add component (AddParameter): Name = "Manufacturer_Part_Number"; Value = "1N4148WSF-7"; VariantName = "[No Variations]"
Add component (AddParameter): Name = "Mfr_Name"; Value = "Diodes Inc"; VariantName = "[No Variations]"
Add component (AddParameter): Name = "RefDes"; Value = "RefDes"; VariantName = "[No Variations]"
Add component (AddParameter): Name = "Type"; Value = "DEV"; VariantName = "[No Variations]"
Added Component: Designator=D3(DIOAD829W49L456D191)
Add component (AddParameter): Name = "Copyright"; Value = "Copyright (C) 2021 Ultra Librarian. All rights reserved."; VariantName = "[No Variations]"
Add component (AddParameter): Name = "Digi-Key_Part_Number_1"; Value = "1N4148WSF-7DI-ND"; VariantName = "[No Variations]"
Add component (AddParameter): Name = "Digi-Key_Part_Number_2"; Value = "1N4148WSF-7DICT-ND"; VariantName = "[No Variations]"
Add component (AddParameter): Name = "Digi-Key_Part_Number_3"; Value = "1N4148WSF-7DIDKR-ND"; VariantName = "[No Variations]"
Add component (AddParameter): Name = "Digi-Key_Part_Number_4"; Value = "1N4148WSF-7DITR-ND"; VariantName = "[No Variations]"
Add component (AddParameter): Name = "Manufacturer_Part_Number"; Value = "1N4148WSF-7"; VariantName = "[No Variations]"
Add component (AddParameter): Name = "Mfr_Name"; Value = "Diodes Inc"; VariantName = "[No Variations]"
Add component (AddParameter): Name = "RefDes"; Value = "RefDes"; VariantName = "[No Variations]"
Add component (AddParameter): Name = "Type"; Value = "DEV"; VariantName = "[No Variations]"
Added Component: Designator=D4(DIOAD829W49L456D191)
Add component (AddParameter): Name = "Copyright"; Value = "Copyright (C) 2021 Ultra Librarian. All rights reserved."; VariantName = "[No Variations]"
Add component (AddParameter): Name = "Digi-Key_Part_Number_1"; Value = "1N4148WSF-7DI-ND"; VariantName = "[No Variations]"
Add component (AddParameter): Name = "Digi-Key_Part_Number_2"; Value = "1N4148WSF-7DICT-ND"; VariantName = "[No Variations]"
Add component (AddParameter): Name = "Digi-Key_Part_Number_3"; Value = "1N4148WSF-7DIDKR-ND"; VariantName = "[No Variations]"
Add component (AddParameter): Name = "Digi-Key_Part_Number_4"; Value = "1N4148WSF-7DITR-ND"; VariantName = "[No Variations]"
Add component (AddParameter): Name = "Manufacturer_Part_Number"; Value = "1N4148WSF-7"; VariantName = "[No Variations]"
Add component (AddParameter): Name = "Mfr_Name"; Value = "Diodes Inc"; VariantName = "[No Variations]"
Add component (AddParameter): Name = "RefDes"; Value = "RefDes"; VariantName = "[No Variations]"
Add component (AddParameter): Name = "Type"; Value = "DEV"; VariantName = "[No Variations]"
Added Component: Designator=D5(DIOAD829W49L456D191)
Add component (AddParameter): Name = "Copyright"; Value = "Copyright (C) 2021 Ultra Librarian. All rights reserved."; VariantName = "[No Variations]"
Add component (AddParameter): Name = "Digi-Key_Part_Number_1"; Value = "1N4148WSF-7DI-ND"; VariantName = "[No Variations]"
Add component (AddParameter): Name = "Digi-Key_Part_Number_2"; Value = "1N4148WSF-7DICT-ND"; VariantName = "[No Variations]"
Add component (AddParameter): Name = "Digi-Key_Part_Number_3"; Value = "1N4148WSF-7DIDKR-ND"; VariantName = "[No Variations]"
Add component (AddParameter): Name = "Digi-Key_Part_Number_4"; Value = "1N4148WSF-7DITR-ND"; VariantName = "[No Variations]"
Add component (AddParameter): Name = "Manufacturer_Part_Number"; Value = "1N4148WSF-7"; VariantName = "[No Variations]"
Add component (AddParameter): Name = "Mfr_Name"; Value = "Diodes Inc"; VariantName = "[No Variations]"
Add component (AddParameter): Name = "RefDes"; Value = "RefDes"; VariantName = "[No Variations]"
Add component (AddParameter): Name = "Type"; Value = "DEV"; VariantName = "[No Variations]"
Added Component: Designator=D6(DIOAD829W49L456D191)
Add component (AddParameter): Name = "Copyright"; Value = "Copyright (C) 2021 Ultra Librarian. All rights reserved."; VariantName = "[No Variations]"
Add component (AddParameter): Name = "Digi-Key_Part_Number_1"; Value = "1N4148WSF-7DI-ND"; VariantName = "[No Variations]"
Add component (AddParameter): Name = "Digi-Key_Part_Number_2"; Value = "1N4148WSF-7DICT-ND"; VariantName = "[No Variations]"
Add component (AddParameter): Name = "Digi-Key_Part_Number_3"; Value = "1N4148WSF-7DIDKR-ND"; VariantName = "[No Variations]"
Add component (AddParameter): Name = "Digi-Key_Part_Number_4"; Value = "1N4148WSF-7DITR-ND"; VariantName = "[No Variations]"
Add component (AddParameter): Name = "Manufacturer_Part_Number"; Value = "1N4148WSF-7"; VariantName = "[No Variations]"
Add component (AddParameter): Name = "Mfr_Name"; Value = "Diodes Inc"; VariantName = "[No Variations]"
Add component (AddParameter): Name = "RefDes"; Value = "RefDes"; VariantName = "[No Variations]"
Add component (AddParameter): Name = "Type"; Value = "DEV"; VariantName = "[No Variations]"
Added Component: Designator=D7(DIOAD829W49L456D191)
Add component (AddParameter): Name = "Copyright"; Value = "Copyright (C) 2021 Ultra Librarian. All rights reserved."; VariantName = "[No Variations]"
Add component (AddParameter): Name = "Digi-Key_Part_Number_1"; Value = "1N4148WSF-7DI-ND"; VariantName = "[No Variations]"
Add component (AddParameter): Name = "Digi-Key_Part_Number_2"; Value = "1N4148WSF-7DICT-ND"; VariantName = "[No Variations]"
Add component (AddParameter): Name = "Digi-Key_Part_Number_3"; Value = "1N4148WSF-7DIDKR-ND"; VariantName = "[No Variations]"
Add component (AddParameter): Name = "Digi-Key_Part_Number_4"; Value = "1N4148WSF-7DITR-ND"; VariantName = "[No Variations]"
Add component (AddParameter): Name = "Manufacturer_Part_Number"; Value = "1N4148WSF-7"; VariantName = "[No Variations]"
Add component (AddParameter): Name = "Mfr_Name"; Value = "Diodes Inc"; VariantName = "[No Variations]"
Add component (AddParameter): Name = "RefDes"; Value = "RefDes"; VariantName = "[No Variations]"
Add component (AddParameter): Name = "Type"; Value = "DEV"; VariantName = "[No Variations]"
Added Component: Designator=D8(DIOAD829W49L456D191)
Add component (AddParameter): Name = "Copyright"; Value = "Copyright (C) 2021 Ultra Librarian. All rights reserved."; VariantName = "[No Variations]"
Add component (AddParameter): Name = "Digi-Key_Part_Number_1"; Value = "1N4148WSF-7DI-ND"; VariantName = "[No Variations]"
Add component (AddParameter): Name = "Digi-Key_Part_Number_2"; Value = "1N4148WSF-7DICT-ND"; VariantName = "[No Variations]"
Add component (AddParameter): Name = "Digi-Key_Part_Number_3"; Value = "1N4148WSF-7DIDKR-ND"; VariantName = "[No Variations]"
Add component (AddParameter): Name = "Digi-Key_Part_Number_4"; Value = "1N4148WSF-7DITR-ND"; VariantName = "[No Variations]"
Add component (AddParameter): Name = "Manufacturer_Part_Number"; Value = "1N4148WSF-7"; VariantName = "[No Variations]"
Add component (AddParameter): Name = "Mfr_Name"; Value = "Diodes Inc"; VariantName = "[No Variations]"
Add component (AddParameter): Name = "RefDes"; Value = "RefDes"; VariantName = "[No Variations]"
Add component (AddParameter): Name = "Type"; Value = "DEV"; VariantName = "[No Variations]"
Added Component: Designator=D9(DIOAD829W49L456D191)
Add component (AddParameter): Name = "Copyright"; Value = "Copyright (C) 2021 Ultra Librarian. All rights reserved."; VariantName = "[No Variations]"
Add component (AddParameter): Name = "Digi-Key_Part_Number_1"; Value = "1N4148WSF-7DI-ND"; VariantName = "[No Variations]"
Add component (AddParameter): Name = "Digi-Key_Part_Number_2"; Value = "1N4148WSF-7DICT-ND"; VariantName = "[No Variations]"
Add component (AddParameter): Name = "Digi-Key_Part_Number_3"; Value = "1N4148WSF-7DIDKR-ND"; VariantName = "[No Variations]"
Add component (AddParameter): Name = "Digi-Key_Part_Number_4"; Value = "1N4148WSF-7DITR-ND"; VariantName = "[No Variations]"
Add component (AddParameter): Name = "Manufacturer_Part_Number"; Value = "1N4148WSF-7"; VariantName = "[No Variations]"
Add component (AddParameter): Name = "Mfr_Name"; Value = "Diodes Inc"; VariantName = "[No Variations]"
Add component (AddParameter): Name = "RefDes"; Value = "RefDes"; VariantName = "[No Variations]"
Add component (AddParameter): Name = "Type"; Value = "DEV"; VariantName = "[No Variations]"
Added Component: Designator=D10(DIOAD829W49L456D191)
Add component (AddParameter): Name = "Copyright"; Value = "Copyright (C) 2021 Ultra Librarian. All rights reserved."; VariantName = "[No Variations]"
Add component (AddParameter): Name = "Digi-Key_Part_Number_1"; Value = "1N4148WSF-7DI-ND"; VariantName = "[No Variations]"
Add component (AddParameter): Name = "Digi-Key_Part_Number_2"; Value = "1N4148WSF-7DICT-ND"; VariantName = "[No Variations]"
Add component (AddParameter): Name = "Digi-Key_Part_Number_3"; Value = "1N4148WSF-7DIDKR-ND"; VariantName = "[No Variations]"
Add component (AddParameter): Name = "Digi-Key_Part_Number_4"; Value = "1N4148WSF-7DITR-ND"; VariantName = "[No Variations]"
Add component (AddParameter): Name = "Manufacturer_Part_Number"; Value = "1N4148WSF-7"; VariantName = "[No Variations]"
Add component (AddParameter): Name = "Mfr_Name"; Value = "Diodes Inc"; VariantName = "[No Variations]"
Add component (AddParameter): Name = "RefDes"; Value = "RefDes"; VariantName = "[No Variations]"
Add component (AddParameter): Name = "Type"; Value = "DEV"; VariantName = "[No Variations]"
Added Component: Designator=D11(DIOAD829W49L456D191)
Add component (AddParameter): Name = "Copyright"; Value = "Copyright (C) 2021 Ultra Librarian. All rights reserved."; VariantName = "[No Variations]"
Add component (AddParameter): Name = "Digi-Key_Part_Number_1"; Value = "1N4148WSF-7DI-ND"; VariantName = "[No Variations]"
Add component (AddParameter): Name = "Digi-Key_Part_Number_2"; Value = "1N4148WSF-7DICT-ND"; VariantName = "[No Variations]"
Add component (AddParameter): Name = "Digi-Key_Part_Number_3"; Value = "1N4148WSF-7DIDKR-ND"; VariantName = "[No Variations]"
Add component (AddParameter): Name = "Digi-Key_Part_Number_4"; Value = "1N4148WSF-7DITR-ND"; VariantName = "[No Variations]"
Add component (AddParameter): Name = "Manufacturer_Part_Number"; Value = "1N4148WSF-7"; VariantName = "[No Variations]"
Add component (AddParameter): Name = "Mfr_Name"; Value = "Diodes Inc"; VariantName = "[No Variations]"
Add component (AddParameter): Name = "RefDes"; Value = "RefDes"; VariantName = "[No Variations]"
Add component (AddParameter): Name = "Type"; Value = "DEV"; VariantName = "[No Variations]"
Added Component: Designator=D12(DIOAD829W49L456D191)
Add component (AddParameter): Name = "Copyright"; Value = "Copyright (C) 2021 Ultra Librarian. All rights reserved."; VariantName = "[No Variations]"
Add component (AddParameter): Name = "Digi-Key_Part_Number_1"; Value = "1N4148WSF-7DI-ND"; VariantName = "[No Variations]"
Add component (AddParameter): Name = "Digi-Key_Part_Number_2"; Value = "1N4148WSF-7DICT-ND"; VariantName = "[No Variations]"
Add component (AddParameter): Name = "Digi-Key_Part_Number_3"; Value = "1N4148WSF-7DIDKR-ND"; VariantName = "[No Variations]"
Add component (AddParameter): Name = "Digi-Key_Part_Number_4"; Value = "1N4148WSF-7DITR-ND"; VariantName = "[No Variations]"
Add component (AddParameter): Name = "Manufacturer_Part_Number"; Value = "1N4148WSF-7"; VariantName = "[No Variations]"
Add component (AddParameter): Name = "Mfr_Name"; Value = "Diodes Inc"; VariantName = "[No Variations]"
Add component (AddParameter): Name = "RefDes"; Value = "RefDes"; VariantName = "[No Variations]"
Add component (AddParameter): Name = "Type"; Value = "DEV"; VariantName = "[No Variations]"
Added Component: Designator=D13(DIOAD829W49L456D191)
Add component (AddParameter): Name = "Copyright"; Value = "Copyright (C) 2021 Ultra Librarian. All rights reserved."; VariantName = "[No Variations]"
Add component (AddParameter): Name = "Digi-Key_Part_Number_1"; Value = "1N4148WSF-7DI-ND"; VariantName = "[No Variations]"
Add component (AddParameter): Name = "Digi-Key_Part_Number_2"; Value = "1N4148WSF-7DICT-ND"; VariantName = "[No Variations]"
Add component (AddParameter): Name = "Digi-Key_Part_Number_3"; Value = "1N4148WSF-7DIDKR-ND"; VariantName = "[No Variations]"
Add component (AddParameter): Name = "Digi-Key_Part_Number_4"; Value = "1N4148WSF-7DITR-ND"; VariantName = "[No Variations]"
Add component (AddParameter): Name = "Manufacturer_Part_Number"; Value = "1N4148WSF-7"; VariantName = "[No Variations]"
Add component (AddParameter): Name = "Mfr_Name"; Value = "Diodes Inc"; VariantName = "[No Variations]"
Add component (AddParameter): Name = "RefDes"; Value = "RefDes"; VariantName = "[No Variations]"
Add component (AddParameter): Name = "Type"; Value = "DEV"; VariantName = "[No Variations]"
Added Component: Designator=D14(DIOAD829W49L456D191)
Add component (AddParameter): Name = "Copyright"; Value = "Copyright (C) 2021 Ultra Librarian. All rights reserved."; VariantName = "[No Variations]"
Add component (AddParameter): Name = "Digi-Key_Part_Number_1"; Value = "1N4148WSF-7DI-ND"; VariantName = "[No Variations]"
Add component (AddParameter): Name = "Digi-Key_Part_Number_2"; Value = "1N4148WSF-7DICT-ND"; VariantName = "[No Variations]"
Add component (AddParameter): Name = "Digi-Key_Part_Number_3"; Value = "1N4148WSF-7DIDKR-ND"; VariantName = "[No Variations]"
Add component (AddParameter): Name = "Digi-Key_Part_Number_4"; Value = "1N4148WSF-7DITR-ND"; VariantName = "[No Variations]"
Add component (AddParameter): Name = "Manufacturer_Part_Number"; Value = "1N4148WSF-7"; VariantName = "[No Variations]"
Add component (AddParameter): Name = "Mfr_Name"; Value = "Diodes Inc"; VariantName = "[No Variations]"
Add component (AddParameter): Name = "RefDes"; Value = "RefDes"; VariantName = "[No Variations]"
Add component (AddParameter): Name = "Type"; Value = "DEV"; VariantName = "[No Variations]"
Added Component: Designator=D15(DIOAD829W49L456D191)
Add component (AddParameter): Name = "Copyright"; Value = "Copyright (C) 2021 Ultra Librarian. All rights reserved."; VariantName = "[No Variations]"
Add component (AddParameter): Name = "Digi-Key_Part_Number_1"; Value = "1N4148WSF-7DI-ND"; VariantName = "[No Variations]"
Add component (AddParameter): Name = "Digi-Key_Part_Number_2"; Value = "1N4148WSF-7DICT-ND"; VariantName = "[No Variations]"
Add component (AddParameter): Name = "Digi-Key_Part_Number_3"; Value = "1N4148WSF-7DIDKR-ND"; VariantName = "[No Variations]"
Add component (AddParameter): Name = "Digi-Key_Part_Number_4"; Value = "1N4148WSF-7DITR-ND"; VariantName = "[No Variations]"
Add component (AddParameter): Name = "Manufacturer_Part_Number"; Value = "1N4148WSF-7"; VariantName = "[No Variations]"
Add component (AddParameter): Name = "Mfr_Name"; Value = "Diodes Inc"; VariantName = "[No Variations]"
Add component (AddParameter): Name = "RefDes"; Value = "RefDes"; VariantName = "[No Variations]"
Add component (AddParameter): Name = "Type"; Value = "DEV"; VariantName = "[No Variations]"
Added Component: Designator=D16(DIOAD829W49L456D191)
Add component (AddParameter): Name = "Copyright"; Value = "Copyright (C) 2021 Ultra Librarian. All rights reserved."; VariantName = "[No Variations]"
Add component (AddParameter): Name = "Digi-Key_Part_Number_1"; Value = "1N4148WSF-7DI-ND"; VariantName = "[No Variations]"
Add component (AddParameter): Name = "Digi-Key_Part_Number_2"; Value = "1N4148WSF-7DICT-ND"; VariantName = "[No Variations]"
Add component (AddParameter): Name = "Digi-Key_Part_Number_3"; Value = "1N4148WSF-7DIDKR-ND"; VariantName = "[No Variations]"
Add component (AddParameter): Name = "Digi-Key_Part_Number_4"; Value = "1N4148WSF-7DITR-ND"; VariantName = "[No Variations]"
Add component (AddParameter): Name = "Manufacturer_Part_Number"; Value = "1N4148WSF-7"; VariantName = "[No Variations]"
Add component (AddParameter): Name = "Mfr_Name"; Value = "Diodes Inc"; VariantName = "[No Variations]"
Add component (AddParameter): Name = "RefDes"; Value = "RefDes"; VariantName = "[No Variations]"
Add component (AddParameter): Name = "Type"; Value = "DEV"; VariantName = "[No Variations]"
Added Component: Designator=D17(DIOAD829W49L456D191)
Add component (AddParameter): Name = "Copyright"; Value = "Copyright (C) 2021 Ultra Librarian. All rights reserved."; VariantName = "[No Variations]"
Add component (AddParameter): Name = "Digi-Key_Part_Number_1"; Value = "1N4148WSF-7DI-ND"; VariantName = "[No Variations]"
Add component (AddParameter): Name = "Digi-Key_Part_Number_2"; Value = "1N4148WSF-7DICT-ND"; VariantName = "[No Variations]"
Add component (AddParameter): Name = "Digi-Key_Part_Number_3"; Value = "1N4148WSF-7DIDKR-ND"; VariantName = "[No Variations]"
Add component (AddParameter): Name = "Digi-Key_Part_Number_4"; Value = "1N4148WSF-7DITR-ND"; VariantName = "[No Variations]"
Add component (AddParameter): Name = "Manufacturer_Part_Number"; Value = "1N4148WSF-7"; VariantName = "[No Variations]"
Add component (AddParameter): Name = "Mfr_Name"; Value = "Diodes Inc"; VariantName = "[No Variations]"
Add component (AddParameter): Name = "RefDes"; Value = "RefDes"; VariantName = "[No Variations]"
Add component (AddParameter): Name = "Type"; Value = "DEV"; VariantName = "[No Variations]"
Added Component: Designator=D18(DIOAD829W49L456D191)
Add component (AddParameter): Name = "Copyright"; Value = "Copyright (C) 2021 Ultra Librarian. All rights reserved."; VariantName = "[No Variations]"
Add component (AddParameter): Name = "Digi-Key_Part_Number_1"; Value = "1N4148WSF-7DI-ND"; VariantName = "[No Variations]"
Add component (AddParameter): Name = "Digi-Key_Part_Number_2"; Value = "1N4148WSF-7DICT-ND"; VariantName = "[No Variations]"
Add component (AddParameter): Name = "Digi-Key_Part_Number_3"; Value = "1N4148WSF-7DIDKR-ND"; VariantName = "[No Variations]"
Add component (AddParameter): Name = "Digi-Key_Part_Number_4"; Value = "1N4148WSF-7DITR-ND"; VariantName = "[No Variations]"
Add component (AddParameter): Name = "Manufacturer_Part_Number"; Value = "1N4148WSF-7"; VariantName = "[No Variations]"
Add component (AddParameter): Name = "Mfr_Name"; Value = "Diodes Inc"; VariantName = "[No Variations]"
Add component (AddParameter): Name = "RefDes"; Value = "RefDes"; VariantName = "[No Variations]"
Add component (AddParameter): Name = "Type"; Value = "DEV"; VariantName = "[No Variations]"
Added Component: Designator=D19(DIOAD829W49L456D191)
Add component (AddParameter): Name = "Copyright"; Value = "Copyright (C) 2021 Ultra Librarian. All rights reserved."; VariantName = "[No Variations]"
Add component (AddParameter): Name = "Digi-Key_Part_Number_1"; Value = "1N4148WSF-7DI-ND"; VariantName = "[No Variations]"
Add component (AddParameter): Name = "Digi-Key_Part_Number_2"; Value = "1N4148WSF-7DICT-ND"; VariantName = "[No Variations]"
Add component (AddParameter): Name = "Digi-Key_Part_Number_3"; Value = "1N4148WSF-7DIDKR-ND"; VariantName = "[No Variations]"
Add component (AddParameter): Name = "Digi-Key_Part_Number_4"; Value = "1N4148WSF-7DITR-ND"; VariantName = "[No Variations]"
Add component (AddParameter): Name = "Manufacturer_Part_Number"; Value = "1N4148WSF-7"; VariantName = "[No Variations]"
Add component (AddParameter): Name = "Mfr_Name"; Value = "Diodes Inc"; VariantName = "[No Variations]"
Add component (AddParameter): Name = "RefDes"; Value = "RefDes"; VariantName = "[No Variations]"
Add component (AddParameter): Name = "Type"; Value = "DEV"; VariantName = "[No Variations]"
Added Component: Designator=D20(DIOAD829W49L456D191)
Add component (AddParameter): Name = "Copyright"; Value = "Copyright (C) 2021 Ultra Librarian. All rights reserved."; VariantName = "[No Variations]"
Add component (AddParameter): Name = "Digi-Key_Part_Number_1"; Value = "1N4148WSF-7DI-ND"; VariantName = "[No Variations]"
Add component (AddParameter): Name = "Digi-Key_Part_Number_2"; Value = "1N4148WSF-7DICT-ND"; VariantName = "[No Variations]"
Add component (AddParameter): Name = "Digi-Key_Part_Number_3"; Value = "1N4148WSF-7DIDKR-ND"; VariantName = "[No Variations]"
Add component (AddParameter): Name = "Digi-Key_Part_Number_4"; Value = "1N4148WSF-7DITR-ND"; VariantName = "[No Variations]"
Add component (AddParameter): Name = "Manufacturer_Part_Number"; Value = "1N4148WSF-7"; VariantName = "[No Variations]"
Add component (AddParameter): Name = "Mfr_Name"; Value = "Diodes Inc"; VariantName = "[No Variations]"
Add component (AddParameter): Name = "RefDes"; Value = "RefDes"; VariantName = "[No Variations]"
Add component (AddParameter): Name = "Type"; Value = "DEV"; VariantName = "[No Variations]"
Added Component: Designator=D21(DIOAD829W49L456D191)
Add component (AddParameter): Name = "Copyright"; Value = "Copyright (C) 2021 Ultra Librarian. All rights reserved."; VariantName = "[No Variations]"
Add component (AddParameter): Name = "Digi-Key_Part_Number_1"; Value = "1N4148WSF-7DI-ND"; VariantName = "[No Variations]"
Add component (AddParameter): Name = "Digi-Key_Part_Number_2"; Value = "1N4148WSF-7DICT-ND"; VariantName = "[No Variations]"
Add component (AddParameter): Name = "Digi-Key_Part_Number_3"; Value = "1N4148WSF-7DIDKR-ND"; VariantName = "[No Variations]"
Add component (AddParameter): Name = "Digi-Key_Part_Number_4"; Value = "1N4148WSF-7DITR-ND"; VariantName = "[No Variations]"
Add component (AddParameter): Name = "Manufacturer_Part_Number"; Value = "1N4148WSF-7"; VariantName = "[No Variations]"
Add component (AddParameter): Name = "Mfr_Name"; Value = "Diodes Inc"; VariantName = "[No Variations]"
Add component (AddParameter): Name = "RefDes"; Value = "RefDes"; VariantName = "[No Variations]"
Add component (AddParameter): Name = "Type"; Value = "DEV"; VariantName = "[No Variations]"
Added Component: Designator=D22(DIOAD829W49L456D191)
Add component (AddParameter): Name = "Copyright"; Value = "Copyright (C) 2021 Ultra Librarian. All rights reserved."; VariantName = "[No Variations]"
Add component (AddParameter): Name = "Digi-Key_Part_Number_1"; Value = "1N4148WSF-7DI-ND"; VariantName = "[No Variations]"
Add component (AddParameter): Name = "Digi-Key_Part_Number_2"; Value = "1N4148WSF-7DICT-ND"; VariantName = "[No Variations]"
Add component (AddParameter): Name = "Digi-Key_Part_Number_3"; Value = "1N4148WSF-7DIDKR-ND"; VariantName = "[No Variations]"
Add component (AddParameter): Name = "Digi-Key_Part_Number_4"; Value = "1N4148WSF-7DITR-ND"; VariantName = "[No Variations]"
Add component (AddParameter): Name = "Manufacturer_Part_Number"; Value = "1N4148WSF-7"; VariantName = "[No Variations]"
Add component (AddParameter): Name = "Mfr_Name"; Value = "Diodes Inc"; VariantName = "[No Variations]"
Add component (AddParameter): Name = "RefDes"; Value = "RefDes"; VariantName = "[No Variations]"
Add component (AddParameter): Name = "Type"; Value = "DEV"; VariantName = "[No Variations]"
Added Component: Designator=D23(DIOAD829W49L456D191)
Add component (AddParameter): Name = "Copyright"; Value = "Copyright (C) 2021 Ultra Librarian. All rights reserved."; VariantName = "[No Variations]"
Add component (AddParameter): Name = "Digi-Key_Part_Number_1"; Value = "1N4148WSF-7DI-ND"; VariantName = "[No Variations]"
Add component (AddParameter): Name = "Digi-Key_Part_Number_2"; Value = "1N4148WSF-7DICT-ND"; VariantName = "[No Variations]"
Add component (AddParameter): Name = "Digi-Key_Part_Number_3"; Value = "1N4148WSF-7DIDKR-ND"; VariantName = "[No Variations]"
Add component (AddParameter): Name = "Digi-Key_Part_Number_4"; Value = "1N4148WSF-7DITR-ND"; VariantName = "[No Variations]"
Add component (AddParameter): Name = "Manufacturer_Part_Number"; Value = "1N4148WSF-7"; VariantName = "[No Variations]"
Add component (AddParameter): Name = "Mfr_Name"; Value = "Diodes Inc"; VariantName = "[No Variations]"
Add component (AddParameter): Name = "RefDes"; Value = "RefDes"; VariantName = "[No Variations]"
Add component (AddParameter): Name = "Type"; Value = "DEV"; VariantName = "[No Variations]"
Added Component: Designator=D24(DIOAD829W49L456D191)
Add component (AddParameter): Name = "Copyright"; Value = "Copyright (C) 2021 Ultra Librarian. All rights reserved."; VariantName = "[No Variations]"
Add component (AddParameter): Name = "Digi-Key_Part_Number_1"; Value = "1N4148WSF-7DI-ND"; VariantName = "[No Variations]"
Add component (AddParameter): Name = "Digi-Key_Part_Number_2"; Value = "1N4148WSF-7DICT-ND"; VariantName = "[No Variations]"
Add component (AddParameter): Name = "Digi-Key_Part_Number_3"; Value = "1N4148WSF-7DIDKR-ND"; VariantName = "[No Variations]"
Add component (AddParameter): Name = "Digi-Key_Part_Number_4"; Value = "1N4148WSF-7DITR-ND"; VariantName = "[No Variations]"
Add component (AddParameter): Name = "Manufacturer_Part_Number"; Value = "1N4148WSF-7"; VariantName = "[No Variations]"
Add component (AddParameter): Name = "Mfr_Name"; Value = "Diodes Inc"; VariantName = "[No Variations]"
Add component (AddParameter): Name = "RefDes"; Value = "RefDes"; VariantName = "[No Variations]"
Add component (AddParameter): Name = "Type"; Value = "DEV"; VariantName = "[No Variations]"
Added Component: Designator=D25(DIOAD829W49L456D191)
Add component (AddParameter): Name = "Copyright"; Value = "Copyright (C) 2021 Ultra Librarian. All rights reserved."; VariantName = "[No Variations]"
Add component (AddParameter): Name = "Digi-Key_Part_Number_1"; Value = "1N4148WSF-7DI-ND"; VariantName = "[No Variations]"
Add component (AddParameter): Name = "Digi-Key_Part_Number_2"; Value = "1N4148WSF-7DICT-ND"; VariantName = "[No Variations]"
Add component (AddParameter): Name = "Digi-Key_Part_Number_3"; Value = "1N4148WSF-7DIDKR-ND"; VariantName = "[No Variations]"
Add component (AddParameter): Name = "Digi-Key_Part_Number_4"; Value = "1N4148WSF-7DITR-ND"; VariantName = "[No Variations]"
Add component (AddParameter): Name = "Manufacturer_Part_Number"; Value = "1N4148WSF-7"; VariantName = "[No Variations]"
Add component (AddParameter): Name = "Mfr_Name"; Value = "Diodes Inc"; VariantName = "[No Variations]"
Add component (AddParameter): Name = "RefDes"; Value = "RefDes"; VariantName = "[No Variations]"
Add component (AddParameter): Name = "Type"; Value = "DEV"; VariantName = "[No Variations]"
Added Component: Designator=D26(DIOAD829W49L456D191)
Add component (AddParameter): Name = "Copyright"; Value = "Copyright (C) 2021 Ultra Librarian. All rights reserved."; VariantName = "[No Variations]"
Add component (AddParameter): Name = "Digi-Key_Part_Number_1"; Value = "1N4148WSF-7DI-ND"; VariantName = "[No Variations]"
Add component (AddParameter): Name = "Digi-Key_Part_Number_2"; Value = "1N4148WSF-7DICT-ND"; VariantName = "[No Variations]"
Add component (AddParameter): Name = "Digi-Key_Part_Number_3"; Value = "1N4148WSF-7DIDKR-ND"; VariantName = "[No Variations]"
Add component (AddParameter): Name = "Digi-Key_Part_Number_4"; Value = "1N4148WSF-7DITR-ND"; VariantName = "[No Variations]"
Add component (AddParameter): Name = "Manufacturer_Part_Number"; Value = "1N4148WSF-7"; VariantName = "[No Variations]"
Add component (AddParameter): Name = "Mfr_Name"; Value = "Diodes Inc"; VariantName = "[No Variations]"
Add component (AddParameter): Name = "RefDes"; Value = "RefDes"; VariantName = "[No Variations]"
Add component (AddParameter): Name = "Type"; Value = "DEV"; VariantName = "[No Variations]"
Added Component: Designator=D27(DIOAD829W49L456D191)
Add component (AddParameter): Name = "Copyright"; Value = "Copyright (C) 2021 Ultra Librarian. All rights reserved."; VariantName = "[No Variations]"
Add component (AddParameter): Name = "Digi-Key_Part_Number_1"; Value = "1N4148WSF-7DI-ND"; VariantName = "[No Variations]"
Add component (AddParameter): Name = "Digi-Key_Part_Number_2"; Value = "1N4148WSF-7DICT-ND"; VariantName = "[No Variations]"
Add component (AddParameter): Name = "Digi-Key_Part_Number_3"; Value = "1N4148WSF-7DIDKR-ND"; VariantName = "[No Variations]"
Add component (AddParameter): Name = "Digi-Key_Part_Number_4"; Value = "1N4148WSF-7DITR-ND"; VariantName = "[No Variations]"
Add component (AddParameter): Name = "Manufacturer_Part_Number"; Value = "1N4148WSF-7"; VariantName = "[No Variations]"
Add component (AddParameter): Name = "Mfr_Name"; Value = "Diodes Inc"; VariantName = "[No Variations]"
Add component (AddParameter): Name = "RefDes"; Value = "RefDes"; VariantName = "[No Variations]"
Add component (AddParameter): Name = "Type"; Value = "DEV"; VariantName = "[No Variations]"
Added Component: Designator=D28(DIOAD829W49L456D191)
Add component (AddParameter): Name = "Copyright"; Value = "Copyright (C) 2021 Ultra Librarian. All rights reserved."; VariantName = "[No Variations]"
Add component (AddParameter): Name = "Digi-Key_Part_Number_1"; Value = "1N4148WSF-7DI-ND"; VariantName = "[No Variations]"
Add component (AddParameter): Name = "Digi-Key_Part_Number_2"; Value = "1N4148WSF-7DICT-ND"; VariantName = "[No Variations]"
Add component (AddParameter): Name = "Digi-Key_Part_Number_3"; Value = "1N4148WSF-7DIDKR-ND"; VariantName = "[No Variations]"
Add component (AddParameter): Name = "Digi-Key_Part_Number_4"; Value = "1N4148WSF-7DITR-ND"; VariantName = "[No Variations]"
Add component (AddParameter): Name = "Manufacturer_Part_Number"; Value = "1N4148WSF-7"; VariantName = "[No Variations]"
Add component (AddParameter): Name = "Mfr_Name"; Value = "Diodes Inc"; VariantName = "[No Variations]"
Add component (AddParameter): Name = "RefDes"; Value = "RefDes"; VariantName = "[No Variations]"
Add component (AddParameter): Name = "Type"; Value = "DEV"; VariantName = "[No Variations]"
Added Component: Designator=D29(DIOAD829W49L456D191)
Add component (AddParameter): Name = "Copyright"; Value = "Copyright (C) 2021 Ultra Librarian. All rights reserved."; VariantName = "[No Variations]"
Add component (AddParameter): Name = "Digi-Key_Part_Number_1"; Value = "1N4148WSF-7DI-ND"; VariantName = "[No Variations]"
Add component (AddParameter): Name = "Digi-Key_Part_Number_2"; Value = "1N4148WSF-7DICT-ND"; VariantName = "[No Variations]"
Add component (AddParameter): Name = "Digi-Key_Part_Number_3"; Value = "1N4148WSF-7DIDKR-ND"; VariantName = "[No Variations]"
Add component (AddParameter): Name = "Digi-Key_Part_Number_4"; Value = "1N4148WSF-7DITR-ND"; VariantName = "[No Variations]"
Add component (AddParameter): Name = "Manufacturer_Part_Number"; Value = "1N4148WSF-7"; VariantName = "[No Variations]"
Add component (AddParameter): Name = "Mfr_Name"; Value = "Diodes Inc"; VariantName = "[No Variations]"
Add component (AddParameter): Name = "RefDes"; Value = "RefDes"; VariantName = "[No Variations]"
Add component (AddParameter): Name = "Type"; Value = "DEV"; VariantName = "[No Variations]"
Added Component: Designator=SW1(cherry_sw)
Added Component: Designator=SW2(cherry_sw)
Added Component: Designator=SW3(cherry_sw)
Added Component: Designator=SW4(cherry_sw)
Added Component: Designator=SW5(cherry_sw)
Added Component: Designator=SW6(cherry_sw)
Added Component: Designator=SW7(cherry_sw)
Added Component: Designator=SW8(cherry_sw)
Added Component: Designator=SW9(cherry_sw)
Added Component: Designator=SW10(cherry_sw)
Added Component: Designator=SW11(cherry_sw)
Added Component: Designator=SW12(cherry_sw)
Added Component: Designator=SW13(cherry_sw)
Added Component: Designator=SW14(cherry_sw)
Added Component: Designator=SW15(cherry_sw)
Added Component: Designator=SW16(cherry_sw)
Added Component: Designator=SW17(cherry_sw)
Added Component: Designator=SW18(cherry_sw)
Added Component: Designator=SW19(cherry_sw)
Added Component: Designator=SW20(cherry_sw)
Added Component: Designator=SW21(cherry_sw)
Added Component: Designator=SW22(cherry_sw)
Added Component: Designator=SW23(cherry_sw)
Added Component: Designator=SW24(cherry_sw)
Added Component: Designator=SW25(cherry_sw)
Added Component: Designator=SW26(cherry_sw)
Added Component: Designator=SW27(cherry_sw)
Added Component: Designator=SW28(cherry_sw)
Added Component: Designator=SW29(cherry_sw)
Added Pin To Net: NetName=ROW0 Pin=D1-1
Added Pin To Net: NetName=ROW0 Pin=D2-1
Added Pin To Net: NetName=ROW0 Pin=D3-1
Added Pin To Net: NetName=NetD3_2 Pin=D3-2
Added Pin To Net: NetName=ROW0 Pin=D4-1
Added Pin To Net: NetName=NetD4_2 Pin=D4-2
Added Pin To Net: NetName=ROW0 Pin=D5-1
Added Pin To Net: NetName=NetD5_2 Pin=D5-2
Added Pin To Net: NetName=ROW0 Pin=D6-1
Added Pin To Net: NetName=NetD6_2 Pin=D6-2
Added Pin To Net: NetName=ROW1 Pin=D7-1
Added Pin To Net: NetName=NetD7_2 Pin=D7-2
Added Pin To Net: NetName=ROW1 Pin=D8-1
Added Pin To Net: NetName=NetD8_2 Pin=D8-2
Added Pin To Net: NetName=ROW1 Pin=D9-1
Added Pin To Net: NetName=NetD9_2 Pin=D9-2
Added Pin To Net: NetName=ROW1 Pin=D10-1
Added Pin To Net: NetName=NetD10_2 Pin=D10-2
Added Pin To Net: NetName=ROW1 Pin=D11-1
Added Pin To Net: NetName=NetD11_2 Pin=D11-2
Added Pin To Net: NetName=ROW1 Pin=D12-1
Added Pin To Net: NetName=NetD12_2 Pin=D12-2
Added Pin To Net: NetName=ROW2 Pin=D13-1
Added Pin To Net: NetName=NetD13_2 Pin=D13-2
Added Pin To Net: NetName=ROW2 Pin=D14-1
Added Pin To Net: NetName=NetD14_2 Pin=D14-2
Added Pin To Net: NetName=ROW2 Pin=D15-1
Added Pin To Net: NetName=NetD15_2 Pin=D15-2
Added Pin To Net: NetName=ROW2 Pin=D16-1
Added Pin To Net: NetName=NetD16_2 Pin=D16-2
Added Pin To Net: NetName=ROW2 Pin=D17-1
Added Pin To Net: NetName=NetD17_2 Pin=D17-2
Added Pin To Net: NetName=ROW2 Pin=D18-1
Added Pin To Net: NetName=NetD18_2 Pin=D18-2
Added Pin To Net: NetName=ROW3 Pin=D19-1
Added Pin To Net: NetName=NetD19_2 Pin=D19-2
Added Pin To Net: NetName=ROW3 Pin=D20-1
Added Pin To Net: NetName=NetD20_2 Pin=D20-2
Added Pin To Net: NetName=ROW3 Pin=D21-1
Added Pin To Net: NetName=NetD21_2 Pin=D21-2
Added Pin To Net: NetName=ROW3 Pin=D22-1
Added Pin To Net: NetName=NetD22_2 Pin=D22-2
Added Pin To Net: NetName=ROW3 Pin=D23-1
Added Pin To Net: NetName=NetD23_2 Pin=D23-2
Added Pin To Net: NetName=ROW3 Pin=D24-1
Added Pin To Net: NetName=NetD24_2 Pin=D24-2
Added Pin To Net: NetName=ROW4 Pin=D25-1
Added Pin To Net: NetName=NetD25_2 Pin=D25-2
Added Pin To Net: NetName=ROW4 Pin=D26-1
Added Pin To Net: NetName=NetD26_2 Pin=D26-2
Added Pin To Net: NetName=ROW4 Pin=D27-1
Added Pin To Net: NetName=NetD27_2 Pin=D27-2
Added Pin To Net: NetName=ROW4 Pin=D28-1
Added Pin To Net: NetName=NetD28_2 Pin=D28-2
Added Pin To Net: NetName=ROW4 Pin=D29-1
Added Pin To Net: NetName=NetD29_2 Pin=D29-2
Added Pin To Net: NetName=COL5 Pin=SW1-1
Added Pin To Net: NetName=COL4 Pin=SW2-1
Added Pin To Net: NetName=COL3 Pin=SW3-1
Added Pin To Net: NetName=NetD3_2 Pin=SW3-2
Added Pin To Net: NetName=COL2 Pin=SW4-1
Added Pin To Net: NetName=NetD4_2 Pin=SW4-2
Added Pin To Net: NetName=COL1 Pin=SW5-1
Added Pin To Net: NetName=NetD5_2 Pin=SW5-2
Added Pin To Net: NetName=COL0 Pin=SW6-1
Added Pin To Net: NetName=NetD6_2 Pin=SW6-2
Added Pin To Net: NetName=COL5 Pin=SW7-1
Added Pin To Net: NetName=NetD7_2 Pin=SW7-2
Added Pin To Net: NetName=COL4 Pin=SW8-1
Added Pin To Net: NetName=NetD8_2 Pin=SW8-2
Added Pin To Net: NetName=COL3 Pin=SW9-1
Added Pin To Net: NetName=NetD9_2 Pin=SW9-2
Added Pin To Net: NetName=COL2 Pin=SW10-1
Added Pin To Net: NetName=NetD10_2 Pin=SW10-2
Added Pin To Net: NetName=COL1 Pin=SW11-1
Added Pin To Net: NetName=NetD11_2 Pin=SW11-2
Added Pin To Net: NetName=COL0 Pin=SW12-1
Added Pin To Net: NetName=NetD12_2 Pin=SW12-2
Added Pin To Net: NetName=COL5 Pin=SW13-1
Added Pin To Net: NetName=NetD13_2 Pin=SW13-2
Added Pin To Net: NetName=COL4 Pin=SW14-1
Added Pin To Net: NetName=NetD14_2 Pin=SW14-2
Added Pin To Net: NetName=COL3 Pin=SW15-1
Added Pin To Net: NetName=NetD15_2 Pin=SW15-2
Added Pin To Net: NetName=COL2 Pin=SW16-1
Added Pin To Net: NetName=NetD16_2 Pin=SW16-2
Added Pin To Net: NetName=COL1 Pin=SW17-1
Added Pin To Net: NetName=NetD17_2 Pin=SW17-2
Added Pin To Net: NetName=COL0 Pin=SW18-1
Added Pin To Net: NetName=NetD18_2 Pin=SW18-2
Added Pin To Net: NetName=COL5 Pin=SW19-1
Added Pin To Net: NetName=NetD19_2 Pin=SW19-2
Added Pin To Net: NetName=COL4 Pin=SW20-1
Added Pin To Net: NetName=NetD20_2 Pin=SW20-2
Added Pin To Net: NetName=COL3 Pin=SW21-1
Added Pin To Net: NetName=NetD21_2 Pin=SW21-2
Added Pin To Net: NetName=COL2 Pin=SW22-1
Added Pin To Net: NetName=NetD22_2 Pin=SW22-2
Added Pin To Net: NetName=COL1 Pin=SW23-1
Added Pin To Net: NetName=NetD23_2 Pin=SW23-2
Added Pin To Net: NetName=COL0 Pin=SW24-1
Added Pin To Net: NetName=NetD24_2 Pin=SW24-2
Added Pin To Net: NetName=COL5 Pin=SW25-1
Added Pin To Net: NetName=NetD25_2 Pin=SW25-2
Added Pin To Net: NetName=COL4 Pin=SW26-1
Added Pin To Net: NetName=NetD26_2 Pin=SW26-2
Added Pin To Net: NetName=COL3 Pin=SW27-1
Added Pin To Net: NetName=NetD27_2 Pin=SW27-2
Added Pin To Net: NetName=COL2 Pin=SW28-1
Added Pin To Net: NetName=NetD28_2 Pin=SW28-2
Added Pin To Net: NetName=COL1 Pin=SW29-1
Added Pin To Net: NetName=NetD29_2 Pin=SW29-2
Added Pin To Net: NetName=NetD1_2 Pin=D1-2
Added Pin To Net: NetName=NetD1_2 Pin=SW1-2
Added Net: Name=NetD1_2
Added Pin To Net: NetName=NetD2_2 Pin=D2-2
Added Pin To Net: NetName=NetD2_2 Pin=SW2-2
Added Net: Name=NetD2_2
Added Member To Class: ClassName=KEYPAD Member=Component D1 1N4148WSF-7
Added Member To Class: ClassName=KEYPAD Member=Component D2 1N4148WSF-7
Added Member To Class: ClassName=KEYPAD Member=Component D3 1N4148WSF-7
Added Member To Class: ClassName=KEYPAD Member=Component D4 1N4148WSF-7
Added Member To Class: ClassName=KEYPAD Member=Component D5 1N4148WSF-7
Added Member To Class: ClassName=KEYPAD Member=Component D6 1N4148WSF-7
Added Member To Class: ClassName=KEYPAD Member=Component D7 1N4148WSF-7
Added Member To Class: ClassName=KEYPAD Member=Component D8 1N4148WSF-7
Added Member To Class: ClassName=KEYPAD Member=Component D9 1N4148WSF-7
Added Member To Class: ClassName=KEYPAD Member=Component D10 1N4148WSF-7
Added Member To Class: ClassName=KEYPAD Member=Component D11 1N4148WSF-7
Added Member To Class: ClassName=KEYPAD Member=Component D12 1N4148WSF-7
Added Member To Class: ClassName=KEYPAD Member=Component D13 1N4148WSF-7
Added Member To Class: ClassName=KEYPAD Member=Component D14 1N4148WSF-7
Added Member To Class: ClassName=KEYPAD Member=Component D15 1N4148WSF-7
Added Member To Class: ClassName=KEYPAD Member=Component D16 1N4148WSF-7
Added Member To Class: ClassName=KEYPAD Member=Component D17 1N4148WSF-7
Added Member To Class: ClassName=KEYPAD Member=Component D18 1N4148WSF-7
Added Member To Class: ClassName=KEYPAD Member=Component D19 1N4148WSF-7
Added Member To Class: ClassName=KEYPAD Member=Component D20 1N4148WSF-7
Added Member To Class: ClassName=KEYPAD Member=Component D21 1N4148WSF-7
Added Member To Class: ClassName=KEYPAD Member=Component D22 1N4148WSF-7
Added Member To Class: ClassName=KEYPAD Member=Component D23 1N4148WSF-7
Added Member To Class: ClassName=KEYPAD Member=Component D24 1N4148WSF-7
Added Member To Class: ClassName=KEYPAD Member=Component D25 1N4148WSF-7
Added Member To Class: ClassName=KEYPAD Member=Component D26 1N4148WSF-7
Added Member To Class: ClassName=KEYPAD Member=Component D27 1N4148WSF-7
Added Member To Class: ClassName=KEYPAD Member=Component D28 1N4148WSF-7
Added Member To Class: ClassName=KEYPAD Member=Component D29 1N4148WSF-7
Added Member To Class: ClassName=KEYPAD Member=Component SW1
Added Member To Class: ClassName=KEYPAD Member=Component SW2
Added Member To Class: ClassName=KEYPAD Member=Component SW3
Added Member To Class: ClassName=KEYPAD Member=Component SW4
Added Member To Class: ClassName=KEYPAD Member=Component SW5
Added Member To Class: ClassName=KEYPAD Member=Component SW6
Added Member To Class: ClassName=KEYPAD Member=Component SW7
Added Member To Class: ClassName=KEYPAD Member=Component SW8
Added Member To Class: ClassName=KEYPAD Member=Component SW9
Added Member To Class: ClassName=KEYPAD Member=Component SW10
Added Member To Class: ClassName=KEYPAD Member=Component SW11
Added Member To Class: ClassName=KEYPAD Member=Component SW12
Added Member To Class: ClassName=KEYPAD Member=Component SW13
Added Member To Class: ClassName=KEYPAD Member=Component SW14
Added Member To Class: ClassName=KEYPAD Member=Component SW15
Added Member To Class: ClassName=KEYPAD Member=Component SW16
Added Member To Class: ClassName=KEYPAD Member=Component SW17
Added Member To Class: ClassName=KEYPAD Member=Component SW18
Added Member To Class: ClassName=KEYPAD Member=Component SW19
Added Member To Class: ClassName=KEYPAD Member=Component SW20
Added Member To Class: ClassName=KEYPAD Member=Component SW21
Added Member To Class: ClassName=KEYPAD Member=Component SW22
Added Member To Class: ClassName=KEYPAD Member=Component SW23
Added Member To Class: ClassName=KEYPAD Member=Component SW24
Added Member To Class: ClassName=KEYPAD Member=Component SW25
Added Member To Class: ClassName=KEYPAD Member=Component SW26
Added Member To Class: ClassName=KEYPAD Member=Component SW27
Added Member To Class: ClassName=KEYPAD Member=Component SW28
Added Member To Class: ClassName=KEYPAD Member=Component SW29
Added Room: Name=KEYPAD
