Added Pin To Net: NetName=ROW0 Pin=D1-1
Added Pin To Net: NetName=NetD1_2 Pin=D1-2
Added Pin To Net: NetName=ROW0 Pin=D2-1
Added Pin To Net: NetName=NetD2_2 Pin=D2-2
Added Pin To Net: NetName=ROW0 Pin=D3-1
Added Pin To Net: NetName=NetD3_2 Pin=D3-2
Added Pin To Net: NetName=ROW0 Pin=D4-1
Added Pin To Net: NetName=NetD4_2 Pin=D4-2
Added Pin To Net: NetName=ROW0 Pin=D5-1
Added Pin To Net: NetName=NetD5_2 Pin=D5-2
Added Pin To Net: NetName=ROW0 Pin=D6-1
Added Pin To Net: NetName=NetD6_2 Pin=D6-2
Added Pin To Net: NetName=ROW1 Pin=D7-1
Added Pin To Net: NetName=NetD7_2 Pin=D7-2
Added Pin To Net: NetName=ROW1 Pin=D8-1
Added Pin To Net: NetName=NetD8_2 Pin=D8-2
Added Pin To Net: NetName=ROW1 Pin=D9-1
Added Pin To Net: NetName=NetD9_2 Pin=D9-2
Added Pin To Net: NetName=ROW1 Pin=D10-1
Added Pin To Net: NetName=NetD10_2 Pin=D10-2
Added Pin To Net: NetName=ROW1 Pin=D11-1
Added Pin To Net: NetName=NetD11_2 Pin=D11-2
Added Pin To Net: NetName=ROW1 Pin=D12-1
Added Pin To Net: NetName=NetD12_2 Pin=D12-2
Added Pin To Net: NetName=ROW2 Pin=D13-1
Added Pin To Net: NetName=NetD13_2 Pin=D13-2
Added Pin To Net: NetName=ROW2 Pin=D14-1
Added Pin To Net: NetName=NetD14_2 Pin=D14-2
Added Pin To Net: NetName=ROW2 Pin=D15-1
Added Pin To Net: NetName=NetD15_2 Pin=D15-2
Added Pin To Net: NetName=ROW2 Pin=D16-1
Added Pin To Net: NetName=NetD16_2 Pin=D16-2
Added Pin To Net: NetName=ROW2 Pin=D17-1
Added Pin To Net: NetName=NetD17_2 Pin=D17-2
Added Pin To Net: NetName=ROW2 Pin=D18-1
Added Pin To Net: NetName=NetD18_2 Pin=D18-2
Added Pin To Net: NetName=ROW3 Pin=D19-1
Added Pin To Net: NetName=NetD19_2 Pin=D19-2
Added Pin To Net: NetName=ROW3 Pin=D20-1
Added Pin To Net: NetName=NetD20_2 Pin=D20-2
Added Pin To Net: NetName=ROW3 Pin=D21-1
Added Pin To Net: NetName=NetD21_2 Pin=D21-2
Added Pin To Net: NetName=ROW3 Pin=D22-1
Added Pin To Net: NetName=NetD22_2 Pin=D22-2
Added Pin To Net: NetName=ROW3 Pin=D23-1
Added Pin To Net: NetName=NetD23_2 Pin=D23-2
Added Pin To Net: NetName=ROW3 Pin=D24-1
Added Pin To Net: NetName=NetD24_2 Pin=D24-2
Added Pin To Net: NetName=ROW4 Pin=D25-1
Added Pin To Net: NetName=NetD25_2 Pin=D25-2
Added Pin To Net: NetName=ROW4 Pin=D26-1
Added Pin To Net: NetName=NetD26_2 Pin=D26-2
Added Pin To Net: NetName=ROW4 Pin=D27-1
Added Pin To Net: NetName=NetD27_2 Pin=D27-2
Added Pin To Net: NetName=ROW4 Pin=D28-1
Added Pin To Net: NetName=NetD28_2 Pin=D28-2
Added Pin To Net: NetName=ROW4 Pin=D29-1
Added Pin To Net: NetName=NetD29_2 Pin=D29-2
Added Pin To Net: NetName=VCC Pin=P1-2
Added Pin To Net: NetName=VCC Pin=P1-2
Added Pin To Net: NetName=GND Pin=P1-3
Added Pin To Net: NetName=GND Pin=P1-3
Added Pin To Net: NetName=NetP1_4 Pin=P1-4
Added Pin To Net: NetName=NetP1_4 Pin=P1-4
Added Pin To Net: NetName=COL5 Pin=SW1-1
Added Pin To Net: NetName=COL5 Pin=SW1-1
Added Pin To Net: NetName=NetD1_2 Pin=SW1-2
Added Pin To Net: NetName=NetD1_2 Pin=SW1-2
Added Pin To Net: NetName=COL4 Pin=SW2-1
Added Pin To Net: NetName=COL4 Pin=SW2-1
Added Pin To Net: NetName=NetD2_2 Pin=SW2-2
Added Pin To Net: NetName=NetD2_2 Pin=SW2-2
Added Pin To Net: NetName=COL3 Pin=SW3-1
Added Pin To Net: NetName=COL3 Pin=SW3-1
Added Pin To Net: NetName=NetD3_2 Pin=SW3-2
Added Pin To Net: NetName=NetD3_2 Pin=SW3-2
Added Pin To Net: NetName=COL2 Pin=SW4-1
Added Pin To Net: NetName=COL2 Pin=SW4-1
Added Pin To Net: NetName=NetD4_2 Pin=SW4-2
Added Pin To Net: NetName=NetD4_2 Pin=SW4-2
Added Pin To Net: NetName=COL1 Pin=SW5-1
Added Pin To Net: NetName=COL1 Pin=SW5-1
Added Pin To Net: NetName=NetD5_2 Pin=SW5-2
Added Pin To Net: NetName=NetD5_2 Pin=SW5-2
Added Pin To Net: NetName=COL0 Pin=SW6-1
Added Pin To Net: NetName=COL0 Pin=SW6-1
Added Pin To Net: NetName=NetD6_2 Pin=SW6-2
Added Pin To Net: NetName=NetD6_2 Pin=SW6-2
Added Pin To Net: NetName=COL5 Pin=SW7-1
Added Pin To Net: NetName=COL5 Pin=SW7-1
Added Pin To Net: NetName=NetD7_2 Pin=SW7-2
Added Pin To Net: NetName=NetD7_2 Pin=SW7-2
Added Pin To Net: NetName=COL4 Pin=SW8-1
Added Pin To Net: NetName=COL4 Pin=SW8-1
Added Pin To Net: NetName=NetD8_2 Pin=SW8-2
Added Pin To Net: NetName=NetD8_2 Pin=SW8-2
Added Pin To Net: NetName=COL3 Pin=SW9-1
Added Pin To Net: NetName=COL3 Pin=SW9-1
Added Pin To Net: NetName=NetD9_2 Pin=SW9-2
Added Pin To Net: NetName=NetD9_2 Pin=SW9-2
Added Pin To Net: NetName=COL2 Pin=SW10-1
Added Pin To Net: NetName=COL2 Pin=SW10-1
Added Pin To Net: NetName=NetD10_2 Pin=SW10-2
Added Pin To Net: NetName=NetD10_2 Pin=SW10-2
Added Pin To Net: NetName=COL1 Pin=SW11-1
Added Pin To Net: NetName=COL1 Pin=SW11-1
Added Pin To Net: NetName=NetD11_2 Pin=SW11-2
Added Pin To Net: NetName=NetD11_2 Pin=SW11-2
Added Pin To Net: NetName=COL0 Pin=SW12-1
Added Pin To Net: NetName=COL0 Pin=SW12-1
Added Pin To Net: NetName=NetD12_2 Pin=SW12-2
Added Pin To Net: NetName=NetD12_2 Pin=SW12-2
Added Pin To Net: NetName=COL5 Pin=SW13-1
Added Pin To Net: NetName=COL5 Pin=SW13-1
Added Pin To Net: NetName=NetD13_2 Pin=SW13-2
Added Pin To Net: NetName=NetD13_2 Pin=SW13-2
Added Pin To Net: NetName=COL4 Pin=SW14-1
Added Pin To Net: NetName=COL4 Pin=SW14-1
Added Pin To Net: NetName=NetD14_2 Pin=SW14-2
Added Pin To Net: NetName=NetD14_2 Pin=SW14-2
Added Pin To Net: NetName=COL3 Pin=SW15-1
Added Pin To Net: NetName=COL3 Pin=SW15-1
Added Pin To Net: NetName=NetD15_2 Pin=SW15-2
Added Pin To Net: NetName=NetD15_2 Pin=SW15-2
Added Pin To Net: NetName=COL2 Pin=SW16-1
Added Pin To Net: NetName=COL2 Pin=SW16-1
Added Pin To Net: NetName=NetD16_2 Pin=SW16-2
Added Pin To Net: NetName=NetD16_2 Pin=SW16-2
Added Pin To Net: NetName=COL1 Pin=SW17-1
Added Pin To Net: NetName=COL1 Pin=SW17-1
Added Pin To Net: NetName=NetD17_2 Pin=SW17-2
Added Pin To Net: NetName=NetD17_2 Pin=SW17-2
Added Pin To Net: NetName=COL0 Pin=SW18-1
Added Pin To Net: NetName=COL0 Pin=SW18-1
Added Pin To Net: NetName=NetD18_2 Pin=SW18-2
Added Pin To Net: NetName=NetD18_2 Pin=SW18-2
Added Pin To Net: NetName=COL5 Pin=SW19-1
Added Pin To Net: NetName=COL5 Pin=SW19-1
Added Pin To Net: NetName=NetD19_2 Pin=SW19-2
Added Pin To Net: NetName=NetD19_2 Pin=SW19-2
Added Pin To Net: NetName=COL4 Pin=SW20-1
Added Pin To Net: NetName=COL4 Pin=SW20-1
Added Pin To Net: NetName=NetD20_2 Pin=SW20-2
Added Pin To Net: NetName=NetD20_2 Pin=SW20-2
Added Pin To Net: NetName=COL3 Pin=SW21-1
Added Pin To Net: NetName=COL3 Pin=SW21-1
Added Pin To Net: NetName=NetD21_2 Pin=SW21-2
Added Pin To Net: NetName=NetD21_2 Pin=SW21-2
Added Pin To Net: NetName=COL2 Pin=SW22-1
Added Pin To Net: NetName=COL2 Pin=SW22-1
Added Pin To Net: NetName=NetD22_2 Pin=SW22-2
Added Pin To Net: NetName=NetD22_2 Pin=SW22-2
Added Pin To Net: NetName=COL1 Pin=SW23-1
Added Pin To Net: NetName=COL1 Pin=SW23-1
Added Pin To Net: NetName=NetD23_2 Pin=SW23-2
Added Pin To Net: NetName=NetD23_2 Pin=SW23-2
Added Pin To Net: NetName=COL0 Pin=SW24-1
Added Pin To Net: NetName=COL0 Pin=SW24-1
Added Pin To Net: NetName=NetD24_2 Pin=SW24-2
Added Pin To Net: NetName=NetD24_2 Pin=SW24-2
Added Pin To Net: NetName=COL5 Pin=SW25-1
Added Pin To Net: NetName=COL5 Pin=SW25-1
Added Pin To Net: NetName=NetD25_2 Pin=SW25-2
Added Pin To Net: NetName=NetD25_2 Pin=SW25-2
Added Pin To Net: NetName=COL4 Pin=SW26-1
Added Pin To Net: NetName=COL4 Pin=SW26-1
Added Pin To Net: NetName=NetD26_2 Pin=SW26-2
Added Pin To Net: NetName=NetD26_2 Pin=SW26-2
Added Pin To Net: NetName=COL3 Pin=SW27-1
Added Pin To Net: NetName=COL3 Pin=SW27-1
Added Pin To Net: NetName=NetD27_2 Pin=SW27-2
Added Pin To Net: NetName=NetD27_2 Pin=SW27-2
Added Pin To Net: NetName=COL2 Pin=SW28-1
Added Pin To Net: NetName=COL2 Pin=SW28-1
Added Pin To Net: NetName=NetD28_2 Pin=SW28-2
Added Pin To Net: NetName=NetD28_2 Pin=SW28-2
Added Pin To Net: NetName=COL1 Pin=SW29-1
Added Pin To Net: NetName=COL1 Pin=SW29-1
Added Pin To Net: NetName=NetD29_2 Pin=SW29-2
Added Pin To Net: NetName=NetD29_2 Pin=SW29-2
Added Pin To Net: NetName=GND Pin=SW30-1
Added Pin To Net: NetName=NetSW30_2 Pin=SW30-2
Added Pin To Net: NetName=NetP1_4 Pin=U1-2
Added Pin To Net: NetName=GND Pin=U1-3
Added Pin To Net: NetName=GND Pin=U1-4
Added Pin To Net: NetName=ROW0 Pin=U1-8
Added Pin To Net: NetName=ROW1 Pin=U1-9
Added Pin To Net: NetName=ROW2 Pin=U1-10
Added Pin To Net: NetName=ROW3 Pin=U1-11
Added Pin To Net: NetName=ROW4 Pin=U1-12
Added Pin To Net: NetName=COL5 Pin=U1-13
Added Pin To Net: NetName=COL4 Pin=U1-14
Added Pin To Net: NetName=COL3 Pin=U1-15
Added Pin To Net: NetName=COL2 Pin=U1-16
Added Pin To Net: NetName=COL1 Pin=U1-17
Added Pin To Net: NetName=COL0 Pin=U1-18
Added Pin To Net: NetName=VCC Pin=U1-21
Added Pin To Net: NetName=NetSW30_2 Pin=U1-22
Added Pin To Net: NetName=GND Pin=U1-23
Added Member To Class: ClassName=KEYPAD Member=Component D1 1N4148WSF-7
Added Member To Class: ClassName=KEYPAD Member=Component D2 1N4148WSF-7
Added Member To Class: ClassName=KEYPAD Member=Component D3 1N4148WSF-7
Added Member To Class: ClassName=KEYPAD Member=Component D4 1N4148WSF-7
Added Member To Class: ClassName=KEYPAD Member=Component D5 1N4148WSF-7
Added Member To Class: ClassName=KEYPAD Member=Component D6 1N4148WSF-7
Added Member To Class: ClassName=KEYPAD Member=Component D7 1N4148WSF-7
Added Member To Class: ClassName=KEYPAD Member=Component D8 1N4148WSF-7
Added Member To Class: ClassName=KEYPAD Member=Component D9 1N4148WSF-7
Added Member To Class: ClassName=KEYPAD Member=Component D10 1N4148WSF-7
Added Member To Class: ClassName=KEYPAD Member=Component D11 1N4148WSF-7
Added Member To Class: ClassName=KEYPAD Member=Component D12 1N4148WSF-7
Added Member To Class: ClassName=KEYPAD Member=Component D13 1N4148WSF-7
Added Member To Class: ClassName=KEYPAD Member=Component D14 1N4148WSF-7
Added Member To Class: ClassName=KEYPAD Member=Component D15 1N4148WSF-7
Added Member To Class: ClassName=KEYPAD Member=Component D16 1N4148WSF-7
Added Member To Class: ClassName=KEYPAD Member=Component D17 1N4148WSF-7
Added Member To Class: ClassName=KEYPAD Member=Component D18 1N4148WSF-7
Added Member To Class: ClassName=KEYPAD Member=Component D19 1N4148WSF-7
Added Member To Class: ClassName=KEYPAD Member=Component D20 1N4148WSF-7
Added Member To Class: ClassName=KEYPAD Member=Component D21 1N4148WSF-7
Added Member To Class: ClassName=KEYPAD Member=Component D22 1N4148WSF-7
Added Member To Class: ClassName=KEYPAD Member=Component D23 1N4148WSF-7
Added Member To Class: ClassName=KEYPAD Member=Component D24 1N4148WSF-7
Added Member To Class: ClassName=KEYPAD Member=Component D25 1N4148WSF-7
Added Member To Class: ClassName=KEYPAD Member=Component D26 1N4148WSF-7
Added Member To Class: ClassName=KEYPAD Member=Component D27 1N4148WSF-7
Added Member To Class: ClassName=KEYPAD Member=Component D28 1N4148WSF-7
Added Member To Class: ClassName=KEYPAD Member=Component D29 1N4148WSF-7
Added Member To Class: ClassName=KEYPAD Member=Component P1 PJ-313B
Added Member To Class: ClassName=KEYPAD Member=Component SW1
Added Member To Class: ClassName=KEYPAD Member=Component SW2
Added Member To Class: ClassName=KEYPAD Member=Component SW3
Added Member To Class: ClassName=KEYPAD Member=Component SW4
Added Member To Class: ClassName=KEYPAD Member=Component SW5
Added Member To Class: ClassName=KEYPAD Member=Component SW6
Added Member To Class: ClassName=KEYPAD Member=Component SW7
Added Member To Class: ClassName=KEYPAD Member=Component SW8
Added Member To Class: ClassName=KEYPAD Member=Component SW9
Added Member To Class: ClassName=KEYPAD Member=Component SW10
Added Member To Class: ClassName=KEYPAD Member=Component SW11
Added Member To Class: ClassName=KEYPAD Member=Component SW12
Added Member To Class: ClassName=KEYPAD Member=Component SW13
Added Member To Class: ClassName=KEYPAD Member=Component SW14
Added Member To Class: ClassName=KEYPAD Member=Component SW15
Added Member To Class: ClassName=KEYPAD Member=Component SW16
Added Member To Class: ClassName=KEYPAD Member=Component SW17
Added Member To Class: ClassName=KEYPAD Member=Component SW18
Added Member To Class: ClassName=KEYPAD Member=Component SW19
Added Member To Class: ClassName=KEYPAD Member=Component SW20
Added Member To Class: ClassName=KEYPAD Member=Component SW21
Added Member To Class: ClassName=KEYPAD Member=Component SW22
Added Member To Class: ClassName=KEYPAD Member=Component SW23
Added Member To Class: ClassName=KEYPAD Member=Component SW24
Added Member To Class: ClassName=KEYPAD Member=Component SW25
Added Member To Class: ClassName=KEYPAD Member=Component SW26
Added Member To Class: ClassName=KEYPAD Member=Component SW27
Added Member To Class: ClassName=KEYPAD Member=Component SW28
Added Member To Class: ClassName=KEYPAD Member=Component SW29
Added Member To Class: ClassName=KEYPAD Member=Component SW30
Added Member To Class: ClassName=KEYPAD Member=Component U1 Arduino_pro_micro
